# JRE version: Java(TM) SE Runtime Environment (21.0.7+8) (build 21.0.7+8-LTS-245)
# Java VM: Java HotSpot(TM) 64-Bit Server VM (21.0.7+8-LTS-245, mixed mode, sharing, tiered, compressed oops, compressed class ptrs, g1 gc, windows-amd64)
GC Precious Log:
 CardTable entry size: 512
 Card Set container configuration: InlinePtr #cards 4 size 8 Array Of Cards #cards 32 size 80 Howl #buckets 8 coarsen threshold 7372 Howl Bitmap #cards 1024 size 144 coarsen threshold 921 Card regions per heap region 1 cards per card region 8192
 CPUs: 16 total, 16 available
 Memory: 32694M
 Large Page Support: Disabled
 NUMA Support: Disabled
 Compressed Oops: Enabled (Zero based)
 Heap Region Size: 4M
 Heap Min Capacity: 8M
 Heap Initial Capacity: 512M
 Heap Max Capacity: 8176M
 Pre-touch: Disabled
 Parallel Workers: 13
 Concurrent Workers: 3
 Concurrent Refinement Workers: 13
 Periodic GC: Disabled
Heap:
 garbage-first heap   total 192512K, used 85704K [0x0000000601000000, 0x0000000800000000)
  region size 4096K, 5 young (20480K), 2 survivors (8192K)
 Metaspace       used 125043K, committed 126144K, reserved 1179648K
  class space    used 16613K, committed 17152K, reserved 1048576K
GC Heap History (20 events):
Event: 6.990 GC heap before
{Heap before GC invocations=20 (full 0):
 garbage-first heap   total 192512K, used 156749K [0x0000000601000000, 0x0000000800000000)
  region size 4096K, 27 young (110592K), 3 survivors (12288K)
 Metaspace       used 101532K, committed 102336K, reserved 1179648K
  class space    used 13456K, committed 13824K, reserved 1048576K
}
Event: 6.994 GC heap after
{Heap after GC invocations=21 (full 0):
 garbage-first heap   total 192512K, used 60092K [0x0000000601000000, 0x0000000800000000)
  region size 4096K, 3 young (12288K), 3 survivors (12288K)
 Metaspace       used 101532K, committed 102336K, reserved 1179648K
  class space    used 13456K, committed 13824K, reserved 1048576K
}
Event: 7.118 GC heap before
{Heap before GC invocations=21 (full 0):
 garbage-first heap   total 192512K, used 162492K [0x0000000601000000, 0x0000000800000000)
  region size 4096K, 28 young (114688K), 3 survivors (12288K)
 Metaspace       used 101996K, committed 102784K, reserved 1179648K
  class space    used 13527K, committed 13888K, reserved 1048576K
}
Event: 7.121 GC heap after
{Heap after GC invocations=22 (full 0):
 garbage-first heap   total 192512K, used 63655K [0x0000000601000000, 0x0000000800000000)
  region size 4096K, 2 young (8192K), 2 survivors (8192K)
 Metaspace       used 101996K, committed 102784K, reserved 1179648K
  class space    used 13527K, committed 13888K, reserved 1048576K
}
Event: 7.555 GC heap before
{Heap before GC invocations=22 (full 0):
 garbage-first heap   total 192512K, used 166055K [0x0000000601000000, 0x0000000800000000)
  region size 4096K, 28 young (114688K), 2 survivors (8192K)
 Metaspace       used 107985K, committed 108800K, reserved 1179648K
  class space    used 14240K, committed 14592K, reserved 1048576K
}
Event: 7.557 GC heap after
{Heap after GC invocations=23 (full 0):
 garbage-first heap   total 192512K, used 66042K [0x0000000601000000, 0x0000000800000000)
  region size 4096K, 3 young (12288K), 3 survivors (12288K)
 Metaspace       used 107985K, committed 108800K, reserved 1179648K
  class space    used 14240K, committed 14592K, reserved 1048576K
}
Event: 7.657 GC heap before
{Heap before GC invocations=23 (full 0):
 garbage-first heap   total 192512K, used 164346K [0x0000000601000000, 0x0000000800000000)
  region size 4096K, 27 young (110592K), 3 survivors (12288K)
 Metaspace       used 108197K, committed 109056K, reserved 1179648K
  class space    used 14264K, committed 14656K, reserved 1048576K
}
Event: 7.659 GC heap after
{Heap after GC invocations=24 (full 0):
 garbage-first heap   total 192512K, used 67275K [0x0000000601000000, 0x0000000800000000)
  region size 4096K, 3 young (12288K), 3 survivors (12288K)
 Metaspace       used 108197K, committed 109056K, reserved 1179648K
  class space    used 14264K, committed 14656K, reserved 1048576K
}
Event: 7.741 GC heap before
{Heap before GC invocations=25 (full 0):
 garbage-first heap   total 192512K, used 165579K [0x0000000601000000, 0x0000000800000000)
  region size 4096K, 27 young (110592K), 3 survivors (12288K)
 Metaspace       used 108209K, committed 109056K, reserved 1179648K
  class space    used 14268K, committed 14656K, reserved 1048576K
}
Event: 7.744 GC heap after
{Heap after GC invocations=26 (full 0):
 garbage-first heap   total 192512K, used 70679K [0x0000000601000000, 0x0000000800000000)
  region size 4096K, 3 young (12288K), 3 survivors (12288K)
 Metaspace       used 108209K, committed 109056K, reserved 1179648K
  class space    used 14268K, committed 14656K, reserved 1048576K
}
Event: 8.312 GC heap before
{Heap before GC invocations=26 (full 0):
 garbage-first heap   total 192512K, used 164887K [0x0000000601000000, 0x0000000800000000)
  region size 4096K, 26 young (106496K), 3 survivors (12288K)
 Metaspace       used 113797K, committed 114816K, reserved 1179648K
  class space    used 15084K, committed 15552K, reserved 1048576K
}
Event: 8.315 GC heap after
{Heap after GC invocations=27 (full 0):
 garbage-first heap   total 192512K, used 73410K [0x0000000601000000, 0x0000000800000000)
  region size 4096K, 3 young (12288K), 3 survivors (12288K)
 Metaspace       used 113797K, committed 114816K, reserved 1179648K
  class space    used 15084K, committed 15552K, reserved 1048576K
}
Event: 11.189 GC heap before
{Heap before GC invocations=28 (full 0):
 garbage-first heap   total 192512K, used 163522K [0x0000000601000000, 0x0000000800000000)
  region size 4096K, 25 young (102400K), 3 survivors (12288K)
 Metaspace       used 121629K, committed 122688K, reserved 1179648K
  class space    used 16177K, committed 16640K, reserved 1048576K
}
Event: 11.192 GC heap after
{Heap after GC invocations=29 (full 0):
 garbage-first heap   total 192512K, used 77837K [0x0000000601000000, 0x0000000800000000)
  region size 4096K, 4 young (16384K), 4 survivors (16384K)
 Metaspace       used 121629K, committed 122688K, reserved 1179648K
  class space    used 16177K, committed 16640K, reserved 1048576K
}
Event: 31.213 GC heap before
{Heap before GC invocations=29 (full 0):
 garbage-first heap   total 192512K, used 159757K [0x0000000601000000, 0x0000000800000000)
  region size 4096K, 24 young (98304K), 4 survivors (16384K)
 Metaspace       used 122007K, committed 123136K, reserved 1179648K
  class space    used 16201K, committed 16768K, reserved 1048576K
}
Event: 31.217 GC heap after
{Heap after GC invocations=30 (full 0):
 garbage-first heap   total 192512K, used 77771K [0x0000000601000000, 0x0000000800000000)
  region size 4096K, 2 young (8192K), 2 survivors (8192K)
 Metaspace       used 122007K, committed 123136K, reserved 1179648K
  class space    used 16201K, committed 16768K, reserved 1048576K
}
Event: 56.200 GC heap before
{Heap before GC invocations=30 (full 0):
 garbage-first heap   total 192512K, used 167883K [0x0000000601000000, 0x0000000800000000)
  region size 4096K, 24 young (98304K), 2 survivors (8192K)
 Metaspace       used 122124K, committed 123264K, reserved 1179648K
  class space    used 16208K, committed 16768K, reserved 1048576K
}
Event: 56.202 GC heap after
{Heap after GC invocations=31 (full 0):
 garbage-first heap   total 192512K, used 77209K [0x0000000601000000, 0x0000000800000000)
  region size 4096K, 2 young (8192K), 2 survivors (8192K)
 Metaspace       used 122124K, committed 123264K, reserved 1179648K
  class space    used 16208K, committed 16768K, reserved 1048576K
}
Event: 77.238 GC heap before
{Heap before GC invocations=32 (full 0):
 garbage-first heap   total 192512K, used 167321K [0x0000000601000000, 0x0000000800000000)
  region size 4096K, 24 young (98304K), 2 survivors (8192K)
 Metaspace       used 123591K, committed 124736K, reserved 1179648K
  class space    used 16394K, committed 16960K, reserved 1048576K
}
Event: 77.240 GC heap after
{Heap after GC invocations=33 (full 0):
 garbage-first heap   total 192512K, used 77512K [0x0000000601000000, 0x0000000800000000)
  region size 4096K, 2 young (8192K), 2 survivors (8192K)
 Metaspace       used 123591K, committed 124736K, reserved 1179648K
  class space    used 16394K, committed 16960K, reserved 1048576K
}

